<?xml version="1.0" encoding="UTF-8"?>
<!-- Generated by org.testng.reporters.JUnitXMLReporter -->
<testsuite hostname="DESKTOP-RUAD0RO" ignored="0" name="Test" tests="3" failures="0" timestamp="10 Dec 2020 17:10:08 GMT" time="58.679" errors="0">
  <testcase name="dataDrivenTest" time="21.17" classname="com.xyz.OrangeHrmApplication.testCases.DataDrivenTesting"/>
  <testcase name="dataDrivenTest" time="18.123" classname="com.xyz.OrangeHrmApplication.testCases.DataDrivenTesting"/>
  <testcase name="dataDrivenTest" time="17.852" classname="com.xyz.OrangeHrmApplication.testCases.DataDrivenTesting"/>
</testsuite> <!-- Test -->
