<?xml version="1.0" encoding="UTF-8"?>
<testng-results skipped="0" failed="0" ignored="0" total="1" passed="1">
  <reporter-output>
  </reporter-output>
  <suite name="Default suite" duration-ms="20404" started-at="2020-12-10T17:24:33Z" finished-at="2020-12-10T17:24:54Z">
    <groups>
    </groups>
    <test name="Default test" duration-ms="20404" started-at="2020-12-10T17:24:33Z" finished-at="2020-12-10T17:24:54Z">
      <class name="com.xyz.OrangeHrmApplication.testCases.testCase_001">
        <test-method status="PASS" signature="test_001()[pri:0, instance:com.xyz.OrangeHrmApplication.testCases.testCase_001@4678c730]" name="test_001" duration-ms="20341" started-at="2020-12-10T17:24:33Z" finished-at="2020-12-10T17:24:54Z">
          <reporter-output>
          </reporter-output>
        </test-method> <!-- test_001 -->
      </class> <!-- com.xyz.OrangeHrmApplication.testCases.testCase_001 -->
    </test> <!-- Default test -->
  </suite> <!-- Default suite -->
</testng-results>
